0 info it worked if it ends with ok
1 verbose cli [ '/Users/sabahtalateh/.nvm/versions/node/v4.2.6/bin/node',
1 verbose cli   '/Users/sabahtalateh/.nvm/versions/node/v4.2.6/bin/npm',
1 verbose cli   'run',
1 verbose cli   'start:server' ]
2 info using npm@2.14.12
3 info using node@v4.2.6
4 verbose run-script [ 'prestart:server', 'start:server', 'poststart:server' ]
5 info prestart:server mongodb-demo@0.1.0
6 info start:server mongodb-demo@0.1.0
7 verbose unsafe-perm in lifecycle true
8 info mongodb-demo@0.1.0 Failed to exec start:server script
9 verbose stack Error: mongodb-demo@0.1.0 start:server: `node ./backend/app.js`
9 verbose stack Exit status 1
9 verbose stack     at EventEmitter.<anonymous> (/Users/sabahtalateh/.nvm/versions/node/v4.2.6/lib/node_modules/npm/lib/utils/lifecycle.js:214:16)
9 verbose stack     at emitTwo (events.js:87:13)
9 verbose stack     at EventEmitter.emit (events.js:172:7)
9 verbose stack     at ChildProcess.<anonymous> (/Users/sabahtalateh/.nvm/versions/node/v4.2.6/lib/node_modules/npm/lib/utils/spawn.js:24:14)
9 verbose stack     at emitTwo (events.js:87:13)
9 verbose stack     at ChildProcess.emit (events.js:172:7)
9 verbose stack     at maybeClose (internal/child_process.js:821:16)
9 verbose stack     at Process.ChildProcess._handle.onexit (internal/child_process.js:211:5)
10 verbose pkgid mongodb-demo@0.1.0
11 verbose cwd /Users/sabahtalateh/Code/udemy_mongo/driver
12 error Darwin 18.0.0
13 error argv "/Users/sabahtalateh/.nvm/versions/node/v4.2.6/bin/node" "/Users/sabahtalateh/.nvm/versions/node/v4.2.6/bin/npm" "run" "start:server"
14 error node v4.2.6
15 error npm  v2.14.12
16 error code ELIFECYCLE
17 error mongodb-demo@0.1.0 start:server: `node ./backend/app.js`
17 error Exit status 1
18 error Failed at the mongodb-demo@0.1.0 start:server script 'node ./backend/app.js'.
18 error This is most likely a problem with the mongodb-demo package,
18 error not with npm itself.
18 error Tell the author that this fails on your system:
18 error     node ./backend/app.js
18 error You can get their info via:
18 error     npm owner ls mongodb-demo
18 error There is likely additional logging output above.
19 verbose exit [ 1, true ]
